<?xml version="1.0" encoding="UTF-8"?>
<!-- Generated by org.testng.reporters.JUnitReportReporter -->
<testsuite hostname="gjwdeMacBook-Air.local" name="com.trjtest.test.testcases.LogIn.LogIn_002_loginfailedWrongpassword" tests="1" failures="0" timestamp="8 Mar 2017 06:01:45 GMT" time="27.432" errors="0">
  <testcase name="LogIn" time="27.432" classname="com.trjtest.test.testcases.LogIn.LogIn_002_loginfailedWrongpassword"/>
</testsuite> <!-- com.trjtest.test.testcases.LogIn.LogIn_002_loginfailedWrongpassword -->
