<?xml version="1.0" encoding="UTF-8"?>
<!-- Generated by org.testng.reporters.JUnitReportReporter -->
<testsuite hostname="gjwdeMacBook-Air.local" name="com.trjtest.test.testcases.Withdraw.Withdraw_001_withdrawTest" tests="2" failures="0" timestamp="10 May 2017 06:09:59 GMT" time="196.568" errors="0">
  <testcase name="withdraw" time="76.371" classname="com.trjtest.test.testcases.Withdraw.Withdraw_001_withdrawTest"/>
  <testcase name="withdraw" time="120.197" classname="com.trjtest.test.testcases.Withdraw.Withdraw_001_withdrawTest"/>
</testsuite> <!-- com.trjtest.test.testcases.Withdraw.Withdraw_001_withdrawTest -->
