<?xml version="1.0" encoding="UTF-8"?>
<!-- Generated by org.testng.reporters.JUnitReportReporter -->
<testsuite hostname="gjwdeMacBook-Air.local" name="com.trjtest.test.testcases.InviteFriends.InviteFriends_001_inviteFriendsTest" tests="1" failures="0" timestamp="10 May 2017 03:10:33 GMT" time="151.139" errors="0">
  <testcase name="inviteFriends" time="151.139" classname="com.trjtest.test.testcases.InviteFriends.InviteFriends_001_inviteFriendsTest"/>
</testsuite> <!-- com.trjtest.test.testcases.InviteFriends.InviteFriends_001_inviteFriendsTest -->
