<?xml version="1.0" encoding="UTF-8"?>
<!-- Generated by org.testng.reporters.JUnitReportReporter -->
<testsuite hostname="gjwdeMacBook-Air.local" name="com.trjtest.test.testcases.OpenTube.OpenTube_001_openTubeTest" tests="4" failures="0" timestamp="10 May 2017 02:17:59 GMT" time="383.127" errors="0">
  <testcase name="openTube" time="100.752" classname="com.trjtest.test.testcases.OpenTube.OpenTube_001_openTubeTest"/>
  <testcase name="openTube" time="104.828" classname="com.trjtest.test.testcases.OpenTube.OpenTube_001_openTubeTest"/>
  <testcase name="openTube" time="72.174" classname="com.trjtest.test.testcases.OpenTube.OpenTube_001_openTubeTest"/>
  <testcase name="openTube" time="105.373" classname="com.trjtest.test.testcases.OpenTube.OpenTube_001_openTubeTest"/>
</testsuite> <!-- com.trjtest.test.testcases.OpenTube.OpenTube_001_openTubeTest -->
