<?xml version="1.0" encoding="UTF-8"?>
<!-- Generated by org.testng.reporters.JUnitReportReporter -->
<testsuite hostname="gjwdeMacBook-Air.local" name="com.trjtest.test.testcases.Recharge.Recharge_001_rechargeTest" tests="1" failures="0" timestamp="17 Mar 2017 05:56:22 GMT" time="5.018" errors="1">
  <testcase name="recharge" time="5.018" classname="com.trjtest.test.testcases.Recharge.Recharge_001_rechargeTest">
    <error type="org.openqa.selenium.remote.SessionNotFoundException" message="A session is either terminated or not started (WARNING: The server did not provide any stacktrace information)
Command duration or timeout: 8 milliseconds
Build info: version: &#039;2.53.1&#039;, revision: &#039;a36b8b1cd5757287168e54b817830adce9b0158d&#039;, time: &#039;2016-06-30 19:26:09&#039;
System info: host: &#039;gjwdeMacBook-Air.local&#039;, ip: &#039;172.16.30.64&#039;, os.name: &#039;Mac OS X&#039;, os.arch: &#039;x86_64&#039;, os.version: &#039;10.11.5&#039;, java.version: &#039;1.8.0_121&#039;
Driver info: io.appium.java_client.android.AndroidDriver
Capabilities [{app=/Users/gjw/Desktop/trjtest/res/app/android/TrjAndroid_V2.1.0_debug.apk, appPackage=com.trj.hp, networkConnectionEnabled=true, warnings={}, databaseEnabled=false, deviceName=c493c270, avd=, platform=LINUX, deviceUDID=c493c270, appActivity=com.trj.hp.ui.LoadingActivity, desired={app=/Users/gjw/Desktop/trjtest/res/app/android/TrjAndroid_V2.1.0_debug.apk, appPackage=com.trj.hp, appActivity=com.trj.hp.ui.LoadingActivity, platformVersion=6.0.1, automationName=Appium, sessionOverride=true, unicodeKeyboard=true, platformName=Android, deviceName=appium-test-avd, resetKeyboard=true, avd=}, platformVersion=6.0.1, webStorageEnabled=false, locationContextEnabled=false, automationName=Appium, takesScreenshot=true, javascriptEnabled=true, sessionOverride=true, unicodeKeyboard=true, platformName=Android, resetKeyboard=true}]
Session ID: 9fa0ea73-7a98-4693-8d20-de0515bfa4ff">
      <![CDATA[org.openqa.selenium.remote.SessionNotFoundException: A session is either terminated or not started (WARNING: The server did not provide any stacktrace information)
Command duration or timeout: 8 milliseconds
Build info: version: '2.53.1', revision: 'a36b8b1cd5757287168e54b817830adce9b0158d', time: '2016-06-30 19:26:09'
System info: host: 'gjwdeMacBook-Air.local', ip: '172.16.30.64', os.name: 'Mac OS X', os.arch: 'x86_64', os.version: '10.11.5', java.version: '1.8.0_121'
Driver info: io.appium.java_client.android.AndroidDriver
Capabilities [{app=/Users/gjw/Desktop/trjtest/res/app/android/TrjAndroid_V2.1.0_debug.apk, appPackage=com.trj.hp, networkConnectionEnabled=true, warnings={}, databaseEnabled=false, deviceName=c493c270, avd=, platform=LINUX, deviceUDID=c493c270, appActivity=com.trj.hp.ui.LoadingActivity, desired={app=/Users/gjw/Desktop/trjtest/res/app/android/TrjAndroid_V2.1.0_debug.apk, appPackage=com.trj.hp, appActivity=com.trj.hp.ui.LoadingActivity, platformVersion=6.0.1, automationName=Appium, sessionOverride=true, unicodeKeyboard=true, platformName=Android, deviceName=appium-test-avd, resetKeyboard=true, avd=}, platformVersion=6.0.1, webStorageEnabled=false, locationContextEnabled=false, automationName=Appium, takesScreenshot=true, javascriptEnabled=true, sessionOverride=true, unicodeKeyboard=true, platformName=Android, resetKeyboard=true}]
Session ID: 9fa0ea73-7a98-4693-8d20-de0515bfa4ff
	at sun.reflect.NativeConstructorAccessorImpl.newInstance0(Native Method)
	at sun.reflect.NativeConstructorAccessorImpl.newInstance(NativeConstructorAccessorImpl.java:62)
	at sun.reflect.DelegatingConstructorAccessorImpl.newInstance(DelegatingConstructorAccessorImpl.java:45)
	at java.lang.reflect.Constructor.newInstance(Constructor.java:423)
	at org.openqa.selenium.remote.ErrorHandler.createThrowable(ErrorHandler.java:206)
	at org.openqa.selenium.remote.ErrorHandler.throwIfResponseFailed(ErrorHandler.java:158)
	at org.openqa.selenium.remote.RemoteWebDriver.execute(RemoteWebDriver.java:678)
	at io.appium.java_client.AppiumDriver.execute(AppiumDriver.java:180)
	at org.openqa.selenium.remote.RemoteWebDriver$RemoteWebDriverOptions$RemoteTimeouts.implicitlyWait(RemoteWebDriver.java:865)
	at com.trjtest.test.utils.AppiumUtil.swipeToLeft(AppiumUtil.java:518)
	at com.trjtest.test.pageshelper.InitPageHelper.swipeLeft(InitPageHelper.java:19)
	at com.trjtest.test.pagesfunction.InitMethod.initMethod(InitMethod.java:21)
	at com.trjtest.test.testcases.Recharge.Recharge_001_rechargeTest.recharge(Recharge_001_rechargeTest.java:27)
	at sun.reflect.NativeMethodAccessorImpl.invoke0(Native Method)
	at sun.reflect.NativeMethodAccessorImpl.invoke(NativeMethodAccessorImpl.java:62)
	at sun.reflect.DelegatingMethodAccessorImpl.invoke(DelegatingMethodAccessorImpl.java:43)
	at java.lang.reflect.Method.invoke(Method.java:498)
	at org.testng.internal.MethodInvocationHelper.invokeMethod(MethodInvocationHelper.java:86)
	at org.testng.internal.Invoker.invokeMethod(Invoker.java:643)
	at org.testng.internal.Invoker.invokeTestMethod(Invoker.java:820)
	at org.testng.internal.Invoker.invokeTestMethods(Invoker.java:1128)
	at org.testng.internal.TestMethodWorker.invokeTestMethods(TestMethodWorker.java:129)
	at org.testng.internal.TestMethodWorker.run(TestMethodWorker.java:112)
	at org.testng.TestRunner.privateRun(TestRunner.java:782)
	at org.testng.TestRunner.run(TestRunner.java:632)
	at org.testng.SuiteRunner.runTest(SuiteRunner.java:366)
	at org.testng.SuiteRunner.access$000(SuiteRunner.java:39)
	at org.testng.SuiteRunner$SuiteWorker.run(SuiteRunner.java:400)
	at org.testng.internal.thread.ThreadUtil$2.call(ThreadUtil.java:64)
	at java.util.concurrent.FutureTask.run(FutureTask.java:266)
	at java.util.concurrent.ThreadPoolExecutor.runWorker(ThreadPoolExecutor.java:1142)
	at java.util.concurrent.ThreadPoolExecutor$Worker.run(ThreadPoolExecutor.java:617)
	at java.lang.Thread.run(Thread.java:745)
]]>
    </error>
  </testcase> <!-- recharge -->
</testsuite> <!-- com.trjtest.test.testcases.Recharge.Recharge_001_rechargeTest -->
