<?xml version="1.0" encoding="UTF-8"?>
<!-- Generated by org.testng.reporters.JUnitReportReporter -->
<testsuite hostname="gjwdeMacBook-Air.local" name="com.trjtest.test.testcases.LogIn.LogIn_004_logintwice" tests="1" failures="0" timestamp="8 Mar 2017 06:01:45 GMT" time="50.894" errors="0">
  <testcase name="LogIn" time="50.894" classname="com.trjtest.test.testcases.LogIn.LogIn_004_logintwice"/>
</testsuite> <!-- com.trjtest.test.testcases.LogIn.LogIn_004_logintwice -->
