<?xml version="1.0" encoding="UTF-8"?>
<!-- Generated by org.testng.reporters.JUnitReportReporter -->
<testsuite hostname="gjwdeMacBook-Air.local" name="com.trjtest.test.testcases.LogIn.LogIn_003_loginfailedWrongMobile" tests="1" failures="0" timestamp="8 Mar 2017 06:01:45 GMT" time="21.211" errors="0">
  <testcase name="LogIn" time="21.211" classname="com.trjtest.test.testcases.LogIn.LogIn_003_loginfailedWrongMobile"/>
</testsuite> <!-- com.trjtest.test.testcases.LogIn.LogIn_003_loginfailedWrongMobile -->
