<?xml version="1.0" encoding="UTF-8"?>
<!-- Generated by org.testng.reporters.JUnitReportReporter -->
<testsuite hostname="gjwdeMacBook-Air.local" name="com.trjtest.test.testcases.FinancialCash.FinancialCash_001_financialcashTest" tests="2" failures="0" timestamp="10 May 2017 03:25:17 GMT" time="189.997" errors="0">
  <testcase name="financialcash" time="92.036" classname="com.trjtest.test.testcases.FinancialCash.FinancialCash_001_financialcashTest"/>
  <testcase name="financialcash" time="97.961" classname="com.trjtest.test.testcases.FinancialCash.FinancialCash_001_financialcashTest"/>
</testsuite> <!-- com.trjtest.test.testcases.FinancialCash.FinancialCash_001_financialcashTest -->
